[vert.x-eventloop-thread-5] 2020-10-22T12:39:07.153+09:00 SEVERE [jp.co.sony.csl.dcoes.apis.main.app.user.ErrorCollection]  (HARDWARE:LOCAL:ERROR:E001) Communication failed with Device Driver ; io.netty.channel.AbstractChannel$AnnotatedConnectException: Connection refused: /0.0.0.0:4390 [jp.co.sony.csl.dcoes.apis.main.app.controller.DataAcquisition$Sender_.lambda$executeWithRetry_$1(DataAcquisition.java:566)]
[vert.x-eventloop-thread-5] 2020-10-22T12:39:07.201+09:00 WARNING [jp.co.sony.csl.dcoes.apis.main.app.user.ErrorCollection]  (USER:LOCAL:WARN:E001) Communication failed on EventBus ; (NO_HANDLERS,-1) No handlers for address apis.ControlCenterClient.scenario [jp.co.sony.csl.dcoes.apis.main.app.user.ScenarioKeeping.lambda$controlCenterAccessingTimerHandler_$5(ScenarioKeeping.java:268)]
[vert.x-eventloop-thread-12] 2020-10-22T12:39:07.286+09:00 WARNING [jp.co.sony.csl.dcoes.apis.main.error.action.StopLocal]  ... failed
[vert.x-eventloop-thread-12] 2020-10-22T12:39:07.292+09:00 WARNING [jp.co.sony.csl.dcoes.apis.main.error.action.DeactivateGridMaster]  ... failed
[vert.x-eventloop-thread-12] 2020-10-22T12:39:07.293+09:00 SEVERE [jp.co.sony.csl.dcoes.apis.common.util.vertx.AbstractStarter]  io.vertx.core.impl.NoStackTraceThrowable: Communication failed on EventBus ; (NO_HANDLERS,-1) No handlers for address apis.E001.Mediator.gridMaster.deactivate
[vert.x-eventloop-thread-2] 2020-10-22T12:39:17.355+09:00 SEVERE [io.vertx.core.impl.ContextImpl]  Unhandled exception
java.lang.IllegalStateException: Client is closed
	at io.vertx.core.http.impl.HttpClientImpl.checkClosed(HttpClientImpl.java:1118)
	at io.vertx.core.http.impl.HttpClientImpl.createRequest(HttpClientImpl.java:1087)
	at io.vertx.core.http.impl.HttpClientImpl.createRequest(HttpClientImpl.java:1074)
	at io.vertx.core.http.impl.HttpClientImpl.request(HttpClientImpl.java:586)
	at io.vertx.core.http.impl.HttpClientImpl.request(HttpClientImpl.java:527)
	at io.vertx.core.http.impl.HttpClientImpl.request(HttpClientImpl.java:548)
	at io.vertx.core.http.impl.HttpClientImpl.get(HttpClientImpl.java:651)
	at jp.co.sony.csl.dcoes.apis.main.app.controller.DataAcquisition$Sender_.send_(DataAcquisition.java:582)
	at jp.co.sony.csl.dcoes.apis.main.app.controller.DataAcquisition$Sender_.executeWithRetry_(DataAcquisition.java:558)
	at jp.co.sony.csl.dcoes.apis.main.app.controller.DataAcquisition$Sender_.lambda$executeWithRetry_$1(DataAcquisition.java:564)
	at jp.co.sony.csl.dcoes.apis.main.app.controller.DataAcquisition$Sender_.lambda$send_$7(DataAcquisition.java:597)
	at io.vertx.core.http.impl.HttpClientRequestBase.handleException(HttpClientRequestBase.java:142)
	at io.vertx.core.http.impl.HttpClientRequestImpl.lambda$null$8(HttpClientRequestImpl.java:512)
	at io.vertx.core.impl.ContextImpl.executeTask(ContextImpl.java:320)
	at io.vertx.core.impl.EventLoopContext.execute(EventLoopContext.java:43)
	at io.vertx.core.impl.ContextImpl.executeFromIO(ContextImpl.java:188)
	at io.vertx.core.impl.ContextImpl.executeFromIO(ContextImpl.java:180)
	at io.vertx.core.http.impl.HttpClientRequestImpl.lambda$connect$9(HttpClientRequestImpl.java:511)
	at io.vertx.core.http.impl.HttpClientImpl.lambda$getConnectionForRequest$4(HttpClientImpl.java:1043)
	at io.vertx.core.http.impl.ConnectionManager.lambda$getConnection$7(ConnectionManager.java:164)
	at io.vertx.core.http.impl.pool.Pool.connectFailed(Pool.java:383)
	at io.vertx.core.http.impl.pool.Pool.access$600(Pool.java:88)
	at io.vertx.core.http.impl.pool.Pool$Holder.lambda$connect$0(Pool.java:130)
	at io.vertx.core.impl.FutureImpl.tryFail(FutureImpl.java:170)
	at io.vertx.core.http.impl.HttpChannelConnector.connectFailed(HttpChannelConnector.java:251)
	at io.vertx.core.http.impl.HttpChannelConnector.lambda$doConnect$0(HttpChannelConnector.java:160)
	at io.vertx.core.net.impl.ChannelProvider.lambda$connect$1(ChannelProvider.java:78)
	at io.vertx.core.net.impl.ChannelProvider.lambda$handleConnect$2(ChannelProvider.java:139)
	at io.netty.util.concurrent.DefaultPromise.notifyListener0(DefaultPromise.java:502)
	at io.netty.util.concurrent.DefaultPromise.notifyListeners0(DefaultPromise.java:495)
	at io.netty.util.concurrent.DefaultPromise.notifyListenersNow(DefaultPromise.java:474)
	at io.netty.util.concurrent.DefaultPromise.notifyListeners(DefaultPromise.java:415)
	at io.netty.util.concurrent.DefaultPromise.setValue0(DefaultPromise.java:540)
	at io.netty.util.concurrent.DefaultPromise.setFailure0(DefaultPromise.java:533)
	at io.netty.util.concurrent.DefaultPromise.tryFailure(DefaultPromise.java:114)
	at io.netty.channel.nio.AbstractNioChannel$AbstractNioUnsafe.fulfillConnectPromise(AbstractNioChannel.java:327)
	at io.netty.channel.nio.AbstractNioChannel$AbstractNioUnsafe.finishConnect(AbstractNioChannel.java:343)
	at io.netty.channel.nio.NioEventLoop.processSelectedKey(NioEventLoop.java:665)
	at io.netty.channel.nio.NioEventLoop.processSelectedKeysOptimized(NioEventLoop.java:612)
	at io.netty.channel.nio.NioEventLoop.processSelectedKeys(NioEventLoop.java:529)
	at io.netty.channel.nio.NioEventLoop.run(NioEventLoop.java:491)
	at io.netty.util.concurrent.SingleThreadEventExecutor$5.run(SingleThreadEventExecutor.java:905)
	at io.netty.util.concurrent.FastThreadLocalRunnable.run(FastThreadLocalRunnable.java:30)
	at java.base/java.lang.Thread.run(Thread.java:834)
[vert.x-eventloop-thread-3] 2020-10-22T12:39:20.368+09:00 WARNING [jp.co.sony.csl.dcoes.apis.main.app.user.ErrorCollection]  (USER:LOCAL:WARN:E001) Communication failed on EventBus ; (NO_HANDLERS,-1) No handlers for address apis.ControlCenterClient.scenario [jp.co.sony.csl.dcoes.apis.main.app.user.ScenarioKeeping.lambda$controlCenterAccessingTimerHandler_$5(ScenarioKeeping.java:268)]
