[main] 2020-10-22T12:38:58.997+09:00 INFO [jp.co.sony.csl.dcoes.apis.common.util.EncryptionUtil]  initialized
[vert.x-eventloop-thread-1] 2020-10-22T12:39:06.836+09:00 INFO [jp.co.sony.csl.dcoes.apis.common.util.vertx.AbstractStarter]  Vert.x close hook initialized
[vert.x-eventloop-thread-1] 2020-10-22T12:39:06.84+09:00 INFO [jp.co.sony.csl.dcoes.apis.common.util.vertx.EncryptedClusterWideMapUtil]  ClusterWideMap will be encrypted
[vert.x-eventloop-thread-2] 2020-10-22T12:39:06.881+09:00 INFO [jp.co.sony.csl.dcoes.apis.common.util.vertx.WatchdogRestarting]  watchdog disabled
[vert.x-eventloop-thread-1] 2020-10-22T12:39:06.897+09:00 INFO [jp.co.sony.csl.dcoes.apis.main.factory.Factory]  initialized
[vert.x-eventloop-thread-5] 2020-10-22T12:39:06.931+09:00 INFO [jp.co.sony.csl.dcoes.apis.main.app.HwConfigKeeping]  hwConfigFile : ./src/main/resources/sample-hwConfig.json
[vert.x-eventloop-thread-5] 2020-10-22T12:39:06.932+09:00 INFO [jp.co.sony.csl.dcoes.apis.main.app.HwConfigKeeping]  hwConfigFile.defaultRefreshingPeriodMsec : 5000
[vert.x-eventloop-thread-6] 2020-10-22T12:39:06.938+09:00 INFO [jp.co.sony.csl.dcoes.apis.main.app.PolicyKeeping]  policyFile : ./src/main/resources/sample-policy.json
[vert.x-eventloop-thread-6] 2020-10-22T12:39:06.938+09:00 INFO [jp.co.sony.csl.dcoes.apis.main.app.PolicyKeeping]  policyFile.defaultRefreshingPeriodMsec : 5000
[vert.x-eventloop-thread-6] 2020-10-22T12:39:06.939+09:00 INFO [jp.co.sony.csl.dcoes.apis.main.app.PolicyKeeping]  controlCenter.enabled : true
[vert.x-eventloop-thread-6] 2020-10-22T12:39:06.939+09:00 INFO [jp.co.sony.csl.dcoes.apis.main.app.PolicyKeeping]  controlCenter.account : E001
[vert.x-eventloop-thread-6] 2020-10-22T12:39:06.94+09:00 INFO [jp.co.sony.csl.dcoes.apis.main.app.PolicyKeeping]  controlCenter.defaultRefreshingPeriodMsec : 60000
[vert.x-eventloop-thread-3] 2020-10-22T12:39:06.972+09:00 INFO [jp.co.sony.csl.dcoes.apis.common.util.StringUtil]  fixFilePath : [{tmpdir}/apis/state/%s] -> [/var/folders/g6/c47h17y17pg068tmsm250hrm0000gn/T/apis/state/%s]
[vert.x-eventloop-thread-9] 2020-10-22T12:39:07.031+09:00 INFO [jp.co.sony.csl.dcoes.apis.main.app.controller.DataAcquisition]  uri : /get/unit/E001
[vert.x-eventloop-thread-12] 2020-10-22T12:39:07.065+09:00 INFO [jp.co.sony.csl.dcoes.apis.main.app.controller.BatteryCapacityManagement]  batteryCapacityManagement : true
[vert.x-eventloop-thread-13] 2020-10-22T12:39:07.118+09:00 INFO [jp.co.sony.csl.dcoes.apis.common.util.StringUtil]  fixFilePath : ['{tmpdir}/apis/dealLog/'uuuu'/'MM'/'dd] -> ['/var/folders/g6/c47h17y17pg068tmsm250hrm0000gn/T/apis/dealLog/'uuuu'/'MM'/'dd]
[vert.x-eventloop-thread-9] 2020-10-22T12:39:07.139+09:00 INFO [jp.co.sony.csl.dcoes.apis.main.app.controller.DataAcquisition]  uri : /get/unit/E001
[vert.x-eventloop-thread-9] 2020-10-22T12:39:07.145+09:00 INFO [jp.co.sony.csl.dcoes.apis.main.app.controller.DataAcquisition]  uri : /get/unit/E001
[vert.x-eventloop-thread-5] 2020-10-22T12:39:07.153+09:00 SEVERE [jp.co.sony.csl.dcoes.apis.main.app.user.ErrorCollection]  (HARDWARE:LOCAL:ERROR:E001) Communication failed with Device Driver ; io.netty.channel.AbstractChannel$AnnotatedConnectException: Connection refused: /0.0.0.0:4390 [jp.co.sony.csl.dcoes.apis.main.app.controller.DataAcquisition$Sender_.lambda$executeWithRetry_$1(DataAcquisition.java:566)]
[vert.x-eventloop-thread-6] 2020-10-22T12:39:07.163+09:00 INFO [jp.co.sony.csl.dcoes.apis.main.app.user.ErrorHandling]  [HARDWARE:ERROR] : [{"unitId":"E001","category":"HARDWARE","extent":"LOCAL","level":"ERROR","message":"Communication failed with Device Driver ; io.netty.channel.AbstractChannel$AnnotatedConnectException: Connection refused: /0.0.0.0:4390","stackTrace":{"fileName":"DataAcquisition.java","lineNumber":566,"className":"jp.co.sony.csl.dcoes.apis.main.app.controller.DataAcquisition$Sender_","methodName":"lambda$executeWithRetry_$1"}}]
[vert.x-eventloop-thread-7] 2020-10-22T12:39:07.177+09:00 INFO [jp.co.sony.csl.dcoes.apis.main.app.user.ScenarioKeeping]  scenarioFile : ./src/main/resources/sample-scenario.json
[vert.x-eventloop-thread-7] 2020-10-22T12:39:07.179+09:00 INFO [jp.co.sony.csl.dcoes.apis.main.app.user.ScenarioKeeping]  scenarioFile.defaultRefreshingPeriodMsec : 5000
[vert.x-eventloop-thread-7] 2020-10-22T12:39:07.181+09:00 INFO [jp.co.sony.csl.dcoes.apis.main.app.user.ScenarioKeeping]  controlCenter.enabled : true
[vert.x-eventloop-thread-7] 2020-10-22T12:39:07.182+09:00 INFO [jp.co.sony.csl.dcoes.apis.main.app.user.ScenarioKeeping]  controlCenter.account : E001
[vert.x-eventloop-thread-7] 2020-10-22T12:39:07.184+09:00 INFO [jp.co.sony.csl.dcoes.apis.main.app.user.ScenarioKeeping]  controlCenter.defaultRefreshingPeriodMsec : 60000
[vert.x-eventloop-thread-5] 2020-10-22T12:39:07.201+09:00 WARNING [jp.co.sony.csl.dcoes.apis.main.app.user.ErrorCollection]  (USER:LOCAL:WARN:E001) Communication failed on EventBus ; (NO_HANDLERS,-1) No handlers for address apis.ControlCenterClient.scenario [jp.co.sony.csl.dcoes.apis.main.app.user.ScenarioKeeping.lambda$controlCenterAccessingTimerHandler_$5(ScenarioKeeping.java:268)]
[vert.x-eventloop-thread-6] 2020-10-22T12:39:07.209+09:00 INFO [jp.co.sony.csl.dcoes.apis.main.error.action.AskAndWaitForStopDeals]  done
[vert.x-eventloop-thread-3] 2020-10-22T12:39:07.211+09:00 INFO [jp.co.sony.csl.dcoes.apis.main.app.Apis]  unitId       : E001
[vert.x-eventloop-thread-3] 2020-10-22T12:39:07.211+09:00 INFO [jp.co.sony.csl.dcoes.apis.main.app.Apis]  unitName     : E001
[vert.x-eventloop-thread-3] 2020-10-22T12:39:07.212+09:00 INFO [jp.co.sony.csl.dcoes.apis.main.app.Apis]  serialNumber : 1
[vert.x-eventloop-thread-6] 2020-10-22T12:39:07.212+09:00 INFO [jp.co.sony.csl.dcoes.apis.main.error.action.StopLocal]  sending wait message to this unit ...
[vert.x-eventloop-thread-3] 2020-10-22T12:39:07.212+09:00 INFO [jp.co.sony.csl.dcoes.apis.main.app.Apis]  systemType   : dcdc_emulator
[vert.x-eventloop-thread-3] 2020-10-22T12:39:07.213+09:00 INFO [jp.co.sony.csl.dcoes.apis.main.app.StateHandling]  started
[vert.x-eventloop-thread-1] 2020-10-22T12:39:07.214+09:00 INFO [jp.co.sony.csl.dcoes.apis.common.util.vertx.AbstractStarter]  APIS version : 3.0.0-a01
[vert.x-eventloop-thread-1] 2020-10-22T12:39:07.215+09:00 INFO [jp.co.sony.csl.dcoes.apis.common.util.vertx.AbstractStarter]  communityId  : dev
[vert.x-eventloop-thread-11] 2020-10-22T12:39:07.215+09:00 INFO [jp.co.sony.csl.dcoes.apis.main.app.controller.DeviceControlling]  STOP LOCAL command received
[vert.x-eventloop-thread-11] 2020-10-22T12:39:07.216+09:00 INFO [jp.co.sony.csl.dcoes.apis.main.app.controller.DeviceControlling]  ( do without exclusive lock !!! )
[vert.x-eventloop-thread-1] 2020-10-22T12:39:07.216+09:00 INFO [jp.co.sony.csl.dcoes.apis.common.util.vertx.AbstractStarter]  clusterId    : dev
[vert.x-eventloop-thread-11] 2020-10-22T12:39:07.219+09:00 INFO [jp.co.sony.csl.dcoes.apis.main.app.controller.impl.dcdc.device_controlling.AbstractDcdcDeviceControllingCommand]  WAIT.execute()
[vert.x-eventloop-thread-11] 2020-10-22T12:39:07.241+09:00 INFO [jp.co.sony.csl.dcoes.apis.main.app.controller.DeviceControlling]  uri : /set/dcdc/E001?mode=0x0000&dvg=350.0&dig=0.0&drg=0
[vert.x-eventloop-thread-11] 2020-10-22T12:39:07.248+09:00 INFO [jp.co.sony.csl.dcoes.apis.main.app.controller.DeviceControlling]  uri : /set/dcdc/E001?mode=0x0000&dvg=350.0&dig=0.0&drg=0
[vert.x-eventloop-thread-11] 2020-10-22T12:39:07.251+09:00 INFO [jp.co.sony.csl.dcoes.apis.main.app.controller.DeviceControlling]  uri : /set/dcdc/E001?mode=0x0000&dvg=350.0&dig=0.0&drg=0
[vert.x-eventloop-thread-11] 2020-10-22T12:39:07.254+09:00 INFO [jp.co.sony.csl.dcoes.apis.main.app.controller.impl.dcdc.device_controlling.AbstractDcdcDeviceControllingCommand]  WAIT.execute(); res.succeeded() : false
[vert.x-eventloop-thread-11] 2020-10-22T12:39:07.254+09:00 INFO [jp.co.sony.csl.dcoes.apis.main.app.controller.impl.dcdc.device_controlling.AbstractDcdcDeviceControllingCommand]  WAIT.execute(); res.cause() : io.vertx.core.impl.NoStackTraceThrowable: Communication failed with Device Driver ; io.netty.channel.AbstractChannel$AnnotatedConnectException: Connection refused: /0.0.0.0:4390
[vert.x-eventloop-thread-11] 2020-10-22T12:39:07.255+09:00 INFO [jp.co.sony.csl.dcoes.apis.main.app.controller.DeviceControlling]  STOP LOCAL command received
[vert.x-eventloop-thread-11] 2020-10-22T12:39:07.256+09:00 INFO [jp.co.sony.csl.dcoes.apis.main.app.controller.DeviceControlling]  ( do without exclusive lock !!! )
[vert.x-eventloop-thread-11] 2020-10-22T12:39:07.256+09:00 INFO [jp.co.sony.csl.dcoes.apis.main.app.controller.impl.dcdc.device_controlling.AbstractDcdcDeviceControllingCommand]  WAIT.execute()
[vert.x-eventloop-thread-11] 2020-10-22T12:39:07.257+09:00 INFO [jp.co.sony.csl.dcoes.apis.main.app.controller.DeviceControlling]  uri : /set/dcdc/E001?mode=0x0000&dvg=350.0&dig=0.0&drg=0
[vert.x-eventloop-thread-11] 2020-10-22T12:39:07.259+09:00 INFO [jp.co.sony.csl.dcoes.apis.main.app.controller.DeviceControlling]  uri : /set/dcdc/E001?mode=0x0000&dvg=350.0&dig=0.0&drg=0
[vert.x-eventloop-thread-11] 2020-10-22T12:39:07.262+09:00 INFO [jp.co.sony.csl.dcoes.apis.main.app.controller.DeviceControlling]  uri : /set/dcdc/E001?mode=0x0000&dvg=350.0&dig=0.0&drg=0
[vert.x-eventloop-thread-11] 2020-10-22T12:39:07.264+09:00 INFO [jp.co.sony.csl.dcoes.apis.main.app.controller.impl.dcdc.device_controlling.AbstractDcdcDeviceControllingCommand]  WAIT.execute(); res.succeeded() : false
[vert.x-eventloop-thread-11] 2020-10-22T12:39:07.265+09:00 INFO [jp.co.sony.csl.dcoes.apis.main.app.controller.impl.dcdc.device_controlling.AbstractDcdcDeviceControllingCommand]  WAIT.execute(); res.cause() : io.vertx.core.impl.NoStackTraceThrowable: Communication failed with Device Driver ; io.netty.channel.AbstractChannel$AnnotatedConnectException: Connection refused: /0.0.0.0:4390
[vert.x-eventloop-thread-3] 2020-10-22T12:39:07.269+09:00 INFO [jp.co.sony.csl.dcoes.apis.main.app.StateHandling]  stopping
[main] 2020-10-22T12:39:07.275+09:00 INFO [jp.co.sony.csl.dcoes.apis.common.util.vertx.AbstractStarter]  Vert.x close hook invoked
[vert.x-eventloop-thread-12] 2020-10-22T12:39:07.282+09:00 INFO [jp.co.sony.csl.dcoes.apis.main.error.action.AskAndWaitForStopDeals]  done
[vert.x-eventloop-thread-12] 2020-10-22T12:39:07.284+09:00 INFO [jp.co.sony.csl.dcoes.apis.main.error.action.StopLocal]  sending wait message to this unit ...
[vert.x-eventloop-thread-12] 2020-10-22T12:39:07.286+09:00 WARNING [jp.co.sony.csl.dcoes.apis.main.error.action.StopLocal]  ... failed
[vert.x-eventloop-thread-12] 2020-10-22T12:39:07.287+09:00 INFO [jp.co.sony.csl.dcoes.apis.main.app.StateHandling]  stopping
[vert.x-eventloop-thread-12] 2020-10-22T12:39:07.291+09:00 INFO [jp.co.sony.csl.dcoes.apis.main.error.action.DeactivateGridMaster]  deactivating GridMaster ...
[vert.x-eventloop-thread-12] 2020-10-22T12:39:07.292+09:00 WARNING [jp.co.sony.csl.dcoes.apis.main.error.action.DeactivateGridMaster]  ... failed
[vert.x-eventloop-thread-12] 2020-10-22T12:39:07.293+09:00 SEVERE [jp.co.sony.csl.dcoes.apis.common.util.vertx.AbstractStarter]  io.vertx.core.impl.NoStackTraceThrowable: Communication failed on EventBus ; (NO_HANDLERS,-1) No handlers for address apis.E001.Mediator.gridMaster.deactivate
[main] 2020-10-22T12:39:07.453+09:00 INFO [jp.co.sony.csl.dcoes.apis.common.util.EncryptionUtil]  initialized
[main] 2020-10-22T12:39:10.793+09:00 INFO [jp.co.sony.csl.dcoes.apis.common.util.EncryptionUtil]  initialized
[main] 2020-10-22T12:39:13.943+09:00 INFO [jp.co.sony.csl.dcoes.apis.common.util.EncryptionUtil]  initialized
[main] 2020-10-22T12:39:17.342+09:00 INFO [jp.co.sony.csl.dcoes.apis.main.factory.Factory]  initialized
[vert.x-eventloop-thread-2] 2020-10-22T12:39:17.345+09:00 INFO [jp.co.sony.csl.dcoes.apis.main.app.controller.DataAcquisition]  uri : /get/unit/E001
[vert.x-eventloop-thread-5] 2020-10-22T12:39:17.35+09:00 INFO [jp.co.sony.csl.dcoes.apis.main.app.controller.BatteryCapacityManagement]  batteryCapacityManagement : true
[vert.x-eventloop-thread-2] 2020-10-22T12:39:17.352+09:00 INFO [jp.co.sony.csl.dcoes.apis.main.app.controller.DataAcquisition]  uri : /get/unit/E001
[vert.x-eventloop-thread-4] 2020-10-22T12:39:17.353+09:00 INFO [jp.co.sony.csl.dcoes.apis.main.app.controller.DeviceControlling]  STOP LOCAL command received
[vert.x-eventloop-thread-4] 2020-10-22T12:39:17.353+09:00 INFO [jp.co.sony.csl.dcoes.apis.main.app.controller.DeviceControlling]  ( do without exclusive lock !!! )
[vert.x-eventloop-thread-4] 2020-10-22T12:39:17.354+09:00 INFO [jp.co.sony.csl.dcoes.apis.main.app.controller.impl.dcdc.device_controlling.AbstractDcdcDeviceControllingCommand]  WAIT.execute()
[vert.x-eventloop-thread-4] 2020-10-22T12:39:17.354+09:00 INFO [jp.co.sony.csl.dcoes.apis.main.app.controller.DeviceControlling]  uri : /set/dcdc/E001?mode=0x0000&dvg=350.0&dig=0.0&drg=0
[vert.x-eventloop-thread-2] 2020-10-22T12:39:17.355+09:00 INFO [jp.co.sony.csl.dcoes.apis.main.app.controller.DataAcquisition]  uri : /get/unit/E001
[vert.x-eventloop-thread-2] 2020-10-22T12:39:17.355+09:00 SEVERE [io.vertx.core.impl.ContextImpl]  Unhandled exception
java.lang.IllegalStateException: Client is closed
	at io.vertx.core.http.impl.HttpClientImpl.checkClosed(HttpClientImpl.java:1118)
	at io.vertx.core.http.impl.HttpClientImpl.createRequest(HttpClientImpl.java:1087)
	at io.vertx.core.http.impl.HttpClientImpl.createRequest(HttpClientImpl.java:1074)
	at io.vertx.core.http.impl.HttpClientImpl.request(HttpClientImpl.java:586)
	at io.vertx.core.http.impl.HttpClientImpl.request(HttpClientImpl.java:527)
	at io.vertx.core.http.impl.HttpClientImpl.request(HttpClientImpl.java:548)
	at io.vertx.core.http.impl.HttpClientImpl.get(HttpClientImpl.java:651)
	at jp.co.sony.csl.dcoes.apis.main.app.controller.DataAcquisition$Sender_.send_(DataAcquisition.java:582)
	at jp.co.sony.csl.dcoes.apis.main.app.controller.DataAcquisition$Sender_.executeWithRetry_(DataAcquisition.java:558)
	at jp.co.sony.csl.dcoes.apis.main.app.controller.DataAcquisition$Sender_.lambda$executeWithRetry_$1(DataAcquisition.java:564)
	at jp.co.sony.csl.dcoes.apis.main.app.controller.DataAcquisition$Sender_.lambda$send_$7(DataAcquisition.java:597)
	at io.vertx.core.http.impl.HttpClientRequestBase.handleException(HttpClientRequestBase.java:142)
	at io.vertx.core.http.impl.HttpClientRequestImpl.lambda$null$8(HttpClientRequestImpl.java:512)
	at io.vertx.core.impl.ContextImpl.executeTask(ContextImpl.java:320)
	at io.vertx.core.impl.EventLoopContext.execute(EventLoopContext.java:43)
	at io.vertx.core.impl.ContextImpl.executeFromIO(ContextImpl.java:188)
	at io.vertx.core.impl.ContextImpl.executeFromIO(ContextImpl.java:180)
	at io.vertx.core.http.impl.HttpClientRequestImpl.lambda$connect$9(HttpClientRequestImpl.java:511)
	at io.vertx.core.http.impl.HttpClientImpl.lambda$getConnectionForRequest$4(HttpClientImpl.java:1043)
	at io.vertx.core.http.impl.ConnectionManager.lambda$getConnection$7(ConnectionManager.java:164)
	at io.vertx.core.http.impl.pool.Pool.connectFailed(Pool.java:383)
	at io.vertx.core.http.impl.pool.Pool.access$600(Pool.java:88)
	at io.vertx.core.http.impl.pool.Pool$Holder.lambda$connect$0(Pool.java:130)
	at io.vertx.core.impl.FutureImpl.tryFail(FutureImpl.java:170)
	at io.vertx.core.http.impl.HttpChannelConnector.connectFailed(HttpChannelConnector.java:251)
	at io.vertx.core.http.impl.HttpChannelConnector.lambda$doConnect$0(HttpChannelConnector.java:160)
	at io.vertx.core.net.impl.ChannelProvider.lambda$connect$1(ChannelProvider.java:78)
	at io.vertx.core.net.impl.ChannelProvider.lambda$handleConnect$2(ChannelProvider.java:139)
	at io.netty.util.concurrent.DefaultPromise.notifyListener0(DefaultPromise.java:502)
	at io.netty.util.concurrent.DefaultPromise.notifyListeners0(DefaultPromise.java:495)
	at io.netty.util.concurrent.DefaultPromise.notifyListenersNow(DefaultPromise.java:474)
	at io.netty.util.concurrent.DefaultPromise.notifyListeners(DefaultPromise.java:415)
	at io.netty.util.concurrent.DefaultPromise.setValue0(DefaultPromise.java:540)
	at io.netty.util.concurrent.DefaultPromise.setFailure0(DefaultPromise.java:533)
	at io.netty.util.concurrent.DefaultPromise.tryFailure(DefaultPromise.java:114)
	at io.netty.channel.nio.AbstractNioChannel$AbstractNioUnsafe.fulfillConnectPromise(AbstractNioChannel.java:327)
	at io.netty.channel.nio.AbstractNioChannel$AbstractNioUnsafe.finishConnect(AbstractNioChannel.java:343)
	at io.netty.channel.nio.NioEventLoop.processSelectedKey(NioEventLoop.java:665)
	at io.netty.channel.nio.NioEventLoop.processSelectedKeysOptimized(NioEventLoop.java:612)
	at io.netty.channel.nio.NioEventLoop.processSelectedKeys(NioEventLoop.java:529)
	at io.netty.channel.nio.NioEventLoop.run(NioEventLoop.java:491)
	at io.netty.util.concurrent.SingleThreadEventExecutor$5.run(SingleThreadEventExecutor.java:905)
	at io.netty.util.concurrent.FastThreadLocalRunnable.run(FastThreadLocalRunnable.java:30)
	at java.base/java.lang.Thread.run(Thread.java:834)
[vert.x-eventloop-thread-4] 2020-10-22T12:39:17.356+09:00 INFO [jp.co.sony.csl.dcoes.apis.main.app.controller.DeviceControlling]  uri : /set/dcdc/E001?mode=0x0000&dvg=350.0&dig=0.0&drg=0
[vert.x-eventloop-thread-4] 2020-10-22T12:39:17.358+09:00 INFO [jp.co.sony.csl.dcoes.apis.main.app.controller.DeviceControlling]  uri : /set/dcdc/E001?mode=0x0000&dvg=350.0&dig=0.0&drg=0
[vert.x-eventloop-thread-4] 2020-10-22T12:39:17.36+09:00 INFO [jp.co.sony.csl.dcoes.apis.main.app.controller.impl.dcdc.device_controlling.AbstractDcdcDeviceControllingCommand]  WAIT.execute(); res.succeeded() : false
[vert.x-eventloop-thread-4] 2020-10-22T12:39:17.36+09:00 INFO [jp.co.sony.csl.dcoes.apis.main.app.controller.impl.dcdc.device_controlling.AbstractDcdcDeviceControllingCommand]  WAIT.execute(); res.cause() : io.vertx.core.impl.NoStackTraceThrowable: Communication failed with Device Driver ; io.netty.channel.AbstractChannel$AnnotatedConnectException: Connection refused: /0.0.0.0:4390
[main] 2020-10-22T12:39:17.527+09:00 INFO [jp.co.sony.csl.dcoes.apis.common.util.EncryptionUtil]  initialized
[main] 2020-10-22T12:39:20.334+09:00 INFO [jp.co.sony.csl.dcoes.apis.main.factory.Factory]  initialized
[vert.x-eventloop-thread-3] 2020-10-22T12:39:20.338+09:00 INFO [jp.co.sony.csl.dcoes.apis.main.app.HwConfigKeeping]  hwConfigFile : ./src/main/resources/sample-hwConfig.json
[vert.x-eventloop-thread-3] 2020-10-22T12:39:20.338+09:00 INFO [jp.co.sony.csl.dcoes.apis.main.app.HwConfigKeeping]  hwConfigFile.defaultRefreshingPeriodMsec : 5000
[vert.x-eventloop-thread-4] 2020-10-22T12:39:20.339+09:00 INFO [jp.co.sony.csl.dcoes.apis.main.app.PolicyKeeping]  policyFile : ./src/main/resources/sample-policy.json
[vert.x-eventloop-thread-4] 2020-10-22T12:39:20.34+09:00 INFO [jp.co.sony.csl.dcoes.apis.main.app.PolicyKeeping]  policyFile.defaultRefreshingPeriodMsec : 5000
[vert.x-eventloop-thread-4] 2020-10-22T12:39:20.34+09:00 INFO [jp.co.sony.csl.dcoes.apis.main.app.PolicyKeeping]  controlCenter.enabled : true
[vert.x-eventloop-thread-4] 2020-10-22T12:39:20.34+09:00 INFO [jp.co.sony.csl.dcoes.apis.main.app.PolicyKeeping]  controlCenter.account : E001
[vert.x-eventloop-thread-4] 2020-10-22T12:39:20.34+09:00 INFO [jp.co.sony.csl.dcoes.apis.main.app.PolicyKeeping]  controlCenter.defaultRefreshingPeriodMsec : 60000
[vert.x-worker-thread-13] 2020-10-22T12:39:20.35+09:00 INFO [jp.co.sony.csl.dcoes.apis.common.util.vertx.LocalExclusiveLock]  local exclusive lock for jp.co.sony.csl.dcoes.apis.main.app.controller.DataAcquisition ; queue size : 1
[vert.x-eventloop-thread-10] 2020-10-22T12:39:20.355+09:00 INFO [jp.co.sony.csl.dcoes.apis.main.app.controller.BatteryCapacityManagement]  batteryCapacityManagement : true
[vert.x-eventloop-thread-5] 2020-10-22T12:39:20.365+09:00 INFO [jp.co.sony.csl.dcoes.apis.main.app.user.ScenarioKeeping]  scenarioFile : ./src/main/resources/sample-scenario.json
[vert.x-eventloop-thread-5] 2020-10-22T12:39:20.365+09:00 INFO [jp.co.sony.csl.dcoes.apis.main.app.user.ScenarioKeeping]  scenarioFile.defaultRefreshingPeriodMsec : 5000
[vert.x-eventloop-thread-5] 2020-10-22T12:39:20.365+09:00 INFO [jp.co.sony.csl.dcoes.apis.main.app.user.ScenarioKeeping]  controlCenter.enabled : true
[vert.x-eventloop-thread-5] 2020-10-22T12:39:20.365+09:00 INFO [jp.co.sony.csl.dcoes.apis.main.app.user.ScenarioKeeping]  controlCenter.account : E001
[vert.x-eventloop-thread-5] 2020-10-22T12:39:20.366+09:00 INFO [jp.co.sony.csl.dcoes.apis.main.app.user.ScenarioKeeping]  controlCenter.defaultRefreshingPeriodMsec : 60000
[vert.x-eventloop-thread-3] 2020-10-22T12:39:20.368+09:00 WARNING [jp.co.sony.csl.dcoes.apis.main.app.user.ErrorCollection]  (USER:LOCAL:WARN:E001) Communication failed on EventBus ; (NO_HANDLERS,-1) No handlers for address apis.ControlCenterClient.scenario [jp.co.sony.csl.dcoes.apis.main.app.user.ScenarioKeeping.lambda$controlCenterAccessingTimerHandler_$5(ScenarioKeeping.java:268)]
[vert.x-eventloop-thread-1] 2020-10-22T12:39:20.368+09:00 INFO [jp.co.sony.csl.dcoes.apis.main.app.Apis]  unitId       : E001
[vert.x-eventloop-thread-1] 2020-10-22T12:39:20.368+09:00 INFO [jp.co.sony.csl.dcoes.apis.main.app.Apis]  unitName     : E001
[vert.x-eventloop-thread-1] 2020-10-22T12:39:20.369+09:00 INFO [jp.co.sony.csl.dcoes.apis.main.app.Apis]  serialNumber : 1
[vert.x-eventloop-thread-1] 2020-10-22T12:39:20.369+09:00 INFO [jp.co.sony.csl.dcoes.apis.main.app.Apis]  systemType   : dcdc_emulator
[vert.x-eventloop-thread-1] 2020-10-22T12:39:20.369+09:00 INFO [jp.co.sony.csl.dcoes.apis.main.app.StateHandling]  started
[vert.x-eventloop-thread-9] 2020-10-22T12:39:20.374+09:00 INFO [jp.co.sony.csl.dcoes.apis.main.app.controller.DeviceControlling]  STOP LOCAL command received
[vert.x-eventloop-thread-9] 2020-10-22T12:39:20.375+09:00 INFO [jp.co.sony.csl.dcoes.apis.main.app.controller.DeviceControlling]  ( do without exclusive lock !!! )
[vert.x-eventloop-thread-9] 2020-10-22T12:39:20.375+09:00 INFO [jp.co.sony.csl.dcoes.apis.main.app.controller.impl.dcdc.device_controlling.AbstractDcdcDeviceControllingCommand]  WAIT.execute()
[vert.x-eventloop-thread-9] 2020-10-22T12:39:20.376+09:00 INFO [jp.co.sony.csl.dcoes.apis.main.app.controller.DeviceControlling]  uri : /set/dcdc/E001?mode=0x0000&dvg=350.0&dig=0.0&drg=0
[vert.x-eventloop-thread-9] 2020-10-22T12:39:20.378+09:00 INFO [jp.co.sony.csl.dcoes.apis.main.app.controller.DeviceControlling]  uri : /set/dcdc/E001?mode=0x0000&dvg=350.0&dig=0.0&drg=0
[vert.x-eventloop-thread-9] 2020-10-22T12:39:20.38+09:00 INFO [jp.co.sony.csl.dcoes.apis.main.app.controller.DeviceControlling]  uri : /set/dcdc/E001?mode=0x0000&dvg=350.0&dig=0.0&drg=0
[vert.x-eventloop-thread-9] 2020-10-22T12:39:20.381+09:00 INFO [jp.co.sony.csl.dcoes.apis.main.app.controller.impl.dcdc.device_controlling.AbstractDcdcDeviceControllingCommand]  WAIT.execute(); res.succeeded() : false
[vert.x-eventloop-thread-9] 2020-10-22T12:39:20.382+09:00 INFO [jp.co.sony.csl.dcoes.apis.main.app.controller.impl.dcdc.device_controlling.AbstractDcdcDeviceControllingCommand]  WAIT.execute(); res.cause() : io.vertx.core.impl.NoStackTraceThrowable: Communication failed with Device Driver ; io.netty.channel.AbstractChannel$AnnotatedConnectException: Connection refused: /0.0.0.0:4390
[vert.x-eventloop-thread-1] 2020-10-22T12:39:20.383+09:00 INFO [jp.co.sony.csl.dcoes.apis.main.app.StateHandling]  stopping
